commit f0329fc294575639047c63c49feeed5536047efe
Author: Inaki1509 <9406092@alumnos.ufv.es>
Date:   Wed Dec 11 20:52:33 2024 +0100

    Adding content in html and images folder

commit f8201209c1479e2772224fd4f6470b1ef37d5818
Author: Inaki1509 <9406092@alumnos.ufv.es>
Date:   Wed Dec 11 20:43:33 2024 +0100

    Adding content in html and images folder

commit 7e63072d41951a2c7416e7c304bf96cdeaf722f9
Author: Inaki1509 <9406092@alumnos.ufv.es>
Date:   Wed Dec 11 20:21:49 2024 +0100

    Adding header and footer in html file, styles are included too

commit 9ab89c22372b7686c50d731290c0bec682d6119a
Author: Inaki1509 <9406092@alumnos.ufv.es>
Date:   Tue Dec 10 12:57:05 2024 +0100

    Adding basic structure in html file

commit d1956d1e6ff7e8bc2b579e62cefd3b92f9a74430
Author: Inaki1509 <9406092@alumnos.ufv.es>
Date:   Tue Dec 10 12:36:33 2024 +0100

    Initial commit
